<?xml version="1.0" encoding="UTF-8"?>
<!-- Generated by org.testng.reporters.JUnitReportReporter -->
<testsuite hostname="DESKTOP-F8I6CN8" failures="0" tests="13" name="automation_practice.MyTestCases" time="8.561" errors="0" timestamp="2024-11-07T21:56:49 AST" skipped="12">
  <testcase classname="automation_practice.MyTestCases" name="iFrame" time="8.561"/>
  <system-out/>
  <testcase classname="automation_practice.MyTestCases" name="autoCompleteTest">
    <skipped/>
  </testcase> <!-- autoCompleteTest -->
  <system-out/>
  <testcase classname="automation_practice.MyTestCases" name="switchWindows">
    <skipped/>
  </testcase> <!-- switchWindows -->
  <system-out/>
  <testcase classname="automation_practice.MyTestCases" name="switchTABS">
    <skipped/>
  </testcase> <!-- switchTABS -->
  <system-out/>
  <testcase classname="automation_practice.MyTestCases" name="staticList">
    <skipped/>
  </testcase> <!-- staticList -->
  <system-out/>
  <testcase classname="automation_practice.MyTestCases" name="ElementDisplayed">
    <skipped/>
  </testcase> <!-- ElementDisplayed -->
  <system-out/>
  <testcase classname="automation_practice.MyTestCases" name="Checkbox">
    <skipped/>
  </testcase> <!-- Checkbox -->
  <system-out/>
  <testcase classname="automation_practice.MyTestCases" name="radioButtonTest">
    <skipped/>
  </testcase> <!-- radioButtonTest -->
  <system-out/>
  <testcase classname="automation_practice.MyTestCases" name="MouseHover">
    <skipped/>
  </testcase> <!-- MouseHover -->
  <system-out/>
  <testcase classname="automation_practice.MyTestCases" name="Enabled_Disabled">
    <skipped/>
  </testcase> <!-- Enabled_Disabled -->
  <system-out/>
  <testcase classname="automation_practice.MyTestCases" name="alertTest">
    <skipped/>
  </testcase> <!-- alertTest -->
  <system-out/>
  <testcase classname="automation_practice.MyTestCases" name="calenderBtn">
    <skipped/>
  </testcase> <!-- calenderBtn -->
  <system-out/>
  <testcase classname="automation_practice.MyTestCases" name="TableExample">
    <skipped/>
  </testcase> <!-- TableExample -->
  <system-out/>
</testsuite> <!-- automation_practice.MyTestCases -->
